[run 100] starting...
[INFO] [UHD] linux; GNU C++ version 14.2.0; Boost_108300; DPDK_23.11; UHD_4.7.0.HEAD-0-ga5ed1872
[INFO] [X300] X300 initialization sequence...
[INFO] [X300] Maximum frame size: 8000 bytes.
[INFO] [X300] Radio 1x clock: 200 MHz
[INFO] [X300] X300 initialization sequence...
[INFO] [X300] Maximum frame size: 8000 bytes.
[INFO] [X300] Radio 1x clock: 200 MHz
[INFO] [X300] X300 initialization sequence...
[INFO] [X300] Maximum frame size: 8000 bytes.
[INFO] [X300] Radio 1x clock: 200 MHz
[SDR1] Start Time: 0.932961145000
[SDR2] Start Time: 0.930211505000
[SDR3] Start Time: 0.931753780000
x_alpha (Hz):
1.0000000000000
1.0000000282178
1.0000000059406
usrp_radar_all :info: Clock drift enabled. Launching cd_run.
usrp_radar_all :info: Drift TX/RX sequence completed.
cb_est
[3 1 1 1]
    0.0014 
   -0.0014 
   -0.0000 

R_est_lower
[3 1 1 1]
   -0.7908 
    1.2922 
    0.7556 

usrp_radar_all :info: Clock bias enabled. Launching cb_run.
usrp_radar_all :info: Bias TX/RX sequence completed.
x_gamma_est
[6 1 1 1]
   -0.0000 
    2.9916 
   -1.7335 
   -2.3422 
    2.8869 
   -0.7205 

usrp_radar_all :info: Carrier Phase enabled. Launching final_run.
usrp_radar_all :info: Final TX/RX sequence completed.
usrp_radar_all :info: Final TX/RX sequence completed.
usrp_radar_all :info: Final TX/RX sequence completed.
[run 100] finished cleanly.
