[run 81] starting...
[INFO] [UHD] linux; GNU C++ version 14.2.0; Boost_108300; DPDK_23.11; UHD_4.7.0.HEAD-0-ga5ed1872
[INFO] [X300] X300 initialization sequence...
[INFO] [X300] Maximum frame size: 8000 bytes.
[INFO] [X300] Radio 1x clock: 200 MHz
[INFO] [X300] X300 initialization sequence...
[INFO] [X300] Maximum frame size: 8000 bytes.
[INFO] [X300] Radio 1x clock: 200 MHz
[INFO] [X300] X300 initialization sequence...
[INFO] [X300] Maximum frame size: 8000 bytes.
[INFO] [X300] Radio 1x clock: 200 MHz
[SDR1] Start Time: 0.927742285000
[SDR2] Start Time: 0.925163345000
[SDR3] Start Time: 0.926621630000
x_alpha (Hz):
1.0000000000000
0.9999999976898
1.0000000102310
usrp_radar_all :info: Clock drift enabled. Launching cd_run.
usrp_radar_all :info: Drift TX/RX sequence completed.
cb_est
[3 1 1 1]
    0.0014 
   -0.0013 
   -0.0000 

R_est_lower
[3 1 1 1]
    0.8536 
    1.2653 
    1.0550 

usrp_radar_all :info: Clock bias enabled. Launching cb_run.
usrp_radar_all :info: Bias TX/RX sequence completed.
x_gamma_est
[6 1 1 1]
    0.0000 
   -1.4106 
    0.3949 
   -2.8784 
    2.4330 
    2.8490 

usrp_radar_all :info: Carrier Phase enabled. Launching final_run.
usrp_radar_all :info: Final TX/RX sequence completed.
usrp_radar_all :info: Final TX/RX sequence completed.
usrp_radar_all :info: Final TX/RX sequence completed.
[run 81] finished cleanly.
